<?xml version="1.0" encoding="UTF-8"?>
<testng-results skipped="0" failed="0" ignored="0" total="2" passed="2">
  <reporter-output>
  </reporter-output>
  <suite name="Default suite" duration-ms="25258" started-at="2021-03-15T09:33:37Z" finished-at="2021-03-15T09:34:03Z">
    <groups>
    </groups>
    <test name="Default test" duration-ms="25258" started-at="2021-03-15T09:33:37Z" finished-at="2021-03-15T09:34:03Z">
      <class name="OrHR.OrHR.OrHrTest">
        <test-method status="PASS" signature="test1()[pri:0, instance:OrHR.OrHR.OrHrTest@3bfdc050]" name="test1" is-config="true" duration-ms="16440" started-at="2021-03-15T15:03:37Z" finished-at="2021-03-15T15:03:54Z">
          <reporter-output>
          </reporter-output>
        </test-method> <!-- test1 -->
        <test-method status="PASS" signature="test2()[pri:1, instance:OrHR.OrHR.OrHrTest@3bfdc050]" name="test2" duration-ms="8319" started-at="2021-03-15T15:03:54Z" finished-at="2021-03-15T15:04:02Z">
          <reporter-output>
          </reporter-output>
        </test-method> <!-- test2 -->
        <test-method status="PASS" signature="test3()[pri:2, instance:OrHR.OrHR.OrHrTest@3bfdc050]" name="test3" duration-ms="278" started-at="2021-03-15T15:04:02Z" finished-at="2021-03-15T15:04:03Z">
          <reporter-output>
          </reporter-output>
        </test-method> <!-- test3 -->
      </class> <!-- OrHR.OrHR.OrHrTest -->
    </test> <!-- Default test -->
  </suite> <!-- Default suite -->
</testng-results>
